<?xml version="1.0" encoding="UTF-8"?>
<!-- Generated by org.testng.reporters.JUnitReportReporter -->
<testsuite skipped="0" hostname="Rohit-PC" name="com.crm.qa.testcases.LoginPageTest" tests="1" failures="0" timestamp="11 Mar 2018 05:35:42 GMT" time="44.320" errors="0">
  <testcase name="loginTest" time="44.320" classname="com.crm.qa.testcases.LoginPageTest"/>
</testsuite> <!-- com.crm.qa.testcases.LoginPageTest -->
